<?xml version="1.0" encoding="UTF-8"?>
<testsuites name="LoginTestSuite" time="17.153" tests="2" failures="0" errors="0">
   <testsuite name="LoginTestSuite" tests="2" failures="0" errors="0" time="17.153" skipped="0" timestamp="2025-07-24T06:20:18.718Z" hostname="Yuvaan - 192.168.1.10" id="Test Suites/LoginTestSuite">
      <properties>
         <property name="deviceName" value=""/>
         <property name="devicePlatform"/>
         <property name="logFolder" value="C:\\Users\\Yuvaan\\git\\KatalonLatestDemo3\\Reports\\20250724_115015\\LoginTestSuite\\20250724_115015"/>
         <property name="logFiles" value="C:\\Users\\Yuvaan\\git\\KatalonLatestDemo3\\Reports\\20250724_115015\\LoginTestSuite\\20250724_115015\\console0.log, C:\\Users\\Yuvaan\\git\\KatalonLatestDemo3\\Reports\\20250724_115015\\LoginTestSuite\\20250724_115015\\execution0.log"/>
         <property name="attachments" value=""/>
         <property name="hostName" value="Yuvaan - 192.168.1.10"/>
         <property name="os" value="Windows 11 64bit"/>
         <property name="katalonVersion" value="10.2.4.0"/>
         <property name="browser" value="Chrome 138.0.7204.101"/>
         <property name="userFullName" value="Siddharth Punamiya"/>
         <property name="hostAddress" value="192.168.1.10"/>
         <property name="sessionId" value="0f1823a7888faa372a72a4a5c9b8aad4"/>
         <property name="projectName" value="KatalonLatestDemo"/>
         <property name="seleniumVersion" value="4.28.1"/>
         <property name="proxyInformation" value="ProxyInformation { proxyOption=NO_PROXY, proxyServerType=HTTP, username=, password=********, proxyServerAddress=, proxyServerPort=0, executionList=&quot;&quot;, isApplyToDesiredCapabilities=true }"/>
         <property name="platform" value="Windows 11"/>
      </properties>
      <testcase name="Test Cases/TestCases/Test01InvalidLogin" time="8.46" classname="Test Cases/TestCases/Test01InvalidLogin" status="PASSED">
         <properties>
            <property name="data_binding"><![CDATA[{"Username":"John Doe","Password":"RyzK/uu8Q18DVx3DwtARbQ\u003d\u003d"}]]></property>
         </properties>
         <system-out><![CDATA[24-07-2025T11:50:19 - [TEST_CASE][PASSED] - Test Cases/TestCases/Test01InvalidLogin: Test Cases/TestCases/Test01InvalidLogin

24-07-2025T11:50:19 - [TEST_STEP][PASSED] - callTestCase(findTestCase("DemoHealthCare/LoginCura"), ["Username":Username, "Password":Password], STOP_ON_FAILURE): Call Test Case 'Test Cases/DemoHealthCare/LoginCura' successfully

24-07-2025T11:50:20 - [TEST_CASE][PASSED] - Test Cases/DemoHealthCare/LoginCura: Test Cases/DemoHealthCare/LoginCura

24-07-2025T11:50:20 - [TEST_STEP][PASSED] - openBrowser(""): Browser is opened with url: ''

24-07-2025T11:50:20 - [MESSAGE][INFO] - Starting 'Chrome' driver

24-07-2025T11:50:20 - [MESSAGE][INFO] - User set preference: ['prefs', '{profile.password_manager_leak_detection=false}']

24-07-2025T11:50:20 - [MESSAGE][INFO] - Action delay is set to 0 milliseconds

24-07-2025T11:50:22 - [MESSAGE][PASSED] - Browser is opened with url: ''

24-07-2025T11:50:22 - [TEST_STEP][PASSED] - navigateToUrl("https://katalon-demo-cura.herokuapp.com/"): Navigate to 'https://katalon-demo-cura.herokuapp.com/' successfully

24-07-2025T11:50:26 - [MESSAGE][PASSED] - Navigate to 'https://katalon-demo-cura.herokuapp.com/' successfully

24-07-2025T11:50:26 - [TEST_STEP][PASSED] - click(findTestObject("Object Repository/Page_CURA Healthcare Service/a_Make Appointment")): Object: 'Object Repository/Page_CURA Healthcare Service/a_Make Appointment' is clicked on

24-07-2025T11:50:26 - [MESSAGE][PASSED] - Object: 'Object Repository/Page_CURA Healthcare Service/a_Make Appointment' is clicked on

24-07-2025T11:50:26 - [TEST_STEP][PASSED] - setText(findTestObject("Object Repository/Page_CURA Healthcare Service/input_Username_username"), Username): Text 'John Doe' is set on object 'Object Repository/Page_CURA Healthcare Service/input_Username_username'

24-07-2025T11:50:26 - [MESSAGE][PASSED] - Text 'John Doe' is set on object 'Object Repository/Page_CURA Healthcare Service/input_Username_username'

24-07-2025T11:50:26 - [TEST_STEP][PASSED] - setEncryptedText(findTestObject("Object Repository/Page_CURA Healthcare Service/input_Password_password"), Password): Text ****** has been set on object 'Object Repository/Page_CURA Healthcare Service/input_Password_password'

24-07-2025T11:50:27 - [MESSAGE][PASSED] - Text ****** has been set on object 'Object Repository/Page_CURA Healthcare Service/input_Password_password'

24-07-2025T11:50:27 - [TEST_STEP][PASSED] - click(findTestObject("Object Repository/Page_CURA Healthcare Service/button_Login")): Object: 'Object Repository/Page_CURA Healthcare Service/button_Login' is clicked on

24-07-2025T11:50:27 - [MESSAGE][PASSED] - Object: 'Object Repository/Page_CURA Healthcare Service/button_Login' is clicked on

24-07-2025T11:50:27 - [MESSAGE][PASSED] - Call Test Case 'Test Cases/DemoHealthCare/LoginCura' successfully

24-07-2025T11:50:27 - [TEST_STEP][PASSED] - verifyElementPresent(findTestObject("Object Repository/Page_CURA Healthcare Service/p_Login failed Please ensure the username and password are valid"), 10): Object 'Object Repository/Page_CURA Healthcare Service/p_Login failed Please ensure the username and password are valid' is present

24-07-2025T11:50:27 - [MESSAGE][PASSED] - Object 'Object Repository/Page_CURA Healthcare Service/p_Login failed Please ensure the username and password are valid' is present

24-07-2025T11:50:27 - [TEST_STEP][PASSED] - if (true): Login Failed Test Pass

24-07-2025T11:50:27 - [TEST_STEP][PASSED] - comment("Login Failed Test Pass"): Login Failed Test Pass

24-07-2025T11:50:27 - [MESSAGE][INFO] - Login Failed Test Pass]]></system-out>
         <system-err><![CDATA[]]></system-err>
      </testcase>
      <testcase name="Test Cases/TestCases/Test02ValidLogin" time="8.053" classname="Test Cases/TestCases/Test02ValidLogin" status="PASSED">
         <properties>
            <property name="data_binding"><![CDATA[{"Username":"John Doe","Password":"g3/DOGG74jC3Flrr3yH+3D/yKbOqqUNM"}]]></property>
         </properties>
         <system-out><![CDATA[24-07-2025T11:50:27 - [TEST_CASE][PASSED] - Test Cases/TestCases/Test02ValidLogin: Test Cases/TestCases/Test02ValidLogin

24-07-2025T11:50:27 - [TEST_STEP][PASSED] - callTestCase(findTestCase("DemoHealthCare/LoginCura"), ["Username":Username, "Password":Password], STOP_ON_FAILURE): Call Test Case 'Test Cases/DemoHealthCare/LoginCura' successfully

24-07-2025T11:50:28 - [TEST_CASE][PASSED] - Test Cases/DemoHealthCare/LoginCura: Test Cases/DemoHealthCare/LoginCura

24-07-2025T11:50:28 - [TEST_STEP][PASSED] - openBrowser(""): Browser is opened with url: ''

24-07-2025T11:50:28 - [MESSAGE][WARNING] - A browser is already opened. Closing browser and opening a new one

24-07-2025T11:50:28 - [MESSAGE][INFO] - Starting 'Chrome' driver

24-07-2025T11:50:28 - [MESSAGE][INFO] - User set preference: ['prefs', '{profile.password_manager_leak_detection=false}']

24-07-2025T11:50:28 - [MESSAGE][INFO] - Action delay is set to 0 milliseconds

24-07-2025T11:50:29 - [MESSAGE][PASSED] - Browser is opened with url: ''

24-07-2025T11:50:29 - [TEST_STEP][PASSED] - navigateToUrl("https://katalon-demo-cura.herokuapp.com/"): Navigate to 'https://katalon-demo-cura.herokuapp.com/' successfully

24-07-2025T11:50:34 - [MESSAGE][PASSED] - Navigate to 'https://katalon-demo-cura.herokuapp.com/' successfully

24-07-2025T11:50:34 - [TEST_STEP][PASSED] - click(findTestObject("Object Repository/Page_CURA Healthcare Service/a_Make Appointment")): Object: 'Object Repository/Page_CURA Healthcare Service/a_Make Appointment' is clicked on

24-07-2025T11:50:34 - [MESSAGE][PASSED] - Object: 'Object Repository/Page_CURA Healthcare Service/a_Make Appointment' is clicked on

24-07-2025T11:50:34 - [TEST_STEP][PASSED] - setText(findTestObject("Object Repository/Page_CURA Healthcare Service/input_Username_username"), Username): Text 'John Doe' is set on object 'Object Repository/Page_CURA Healthcare Service/input_Username_username'

24-07-2025T11:50:35 - [MESSAGE][PASSED] - Text 'John Doe' is set on object 'Object Repository/Page_CURA Healthcare Service/input_Username_username'

24-07-2025T11:50:35 - [TEST_STEP][PASSED] - setEncryptedText(findTestObject("Object Repository/Page_CURA Healthcare Service/input_Password_password"), Password): Text ****** has been set on object 'Object Repository/Page_CURA Healthcare Service/input_Password_password'

24-07-2025T11:50:35 - [MESSAGE][PASSED] - Text ****** has been set on object 'Object Repository/Page_CURA Healthcare Service/input_Password_password'

24-07-2025T11:50:35 - [TEST_STEP][PASSED] - click(findTestObject("Object Repository/Page_CURA Healthcare Service/button_Login")): Object: 'Object Repository/Page_CURA Healthcare Service/button_Login' is clicked on

24-07-2025T11:50:35 - [MESSAGE][PASSED] - Object: 'Object Repository/Page_CURA Healthcare Service/button_Login' is clicked on

24-07-2025T11:50:35 - [MESSAGE][PASSED] - Call Test Case 'Test Cases/DemoHealthCare/LoginCura' successfully

24-07-2025T11:50:35 - [TEST_STEP][PASSED] - verifyElementPresent(findTestObject("Object Repository/Page_CURA Healthcare Service/h1_CURA Healthcare Service"), 10): Object 'Object Repository/Page_CURA Healthcare Service/h1_CURA Healthcare Service' is present

24-07-2025T11:50:35 - [MESSAGE][PASSED] - Object 'Object Repository/Page_CURA Healthcare Service/h1_CURA Healthcare Service' is present

24-07-2025T11:50:35 - [TEST_STEP][PASSED] - if (true): Login Passed Test Pass

24-07-2025T11:50:35 - [TEST_STEP][PASSED] - comment("Login Passed Test Pass"): Login Passed Test Pass

24-07-2025T11:50:35 - [MESSAGE][INFO] - Login Passed Test Pass]]></system-out>
         <system-err><![CDATA[]]></system-err>
      </testcase>
      <system-out><![CDATA[24-07-2025T11:50:18 - [TEST_SUITE][PASSED] - LoginTestSuite: null]]></system-out>
      <system-err><![CDATA[]]></system-err>
   </testsuite>
</testsuites>
